#
# There is insufficient memory for the Java Runtime Environment to continue.
# Native memory allocation (mmap) failed to map 126802198528 bytes for committing reserved memory.
# Possible reasons:
#   The system is out of physical RAM or swap space
# Possible solutions:
#   Reduce memory load on the system
#   Increase physical memory or swap space
#   Check if swap backing store is full
#   Decrease Java heap size (-Xmx/-Xms)
#   Decrease number of Java threads
#   Decrease Java thread stack sizes (-Xss)
#   Set larger code cache with -XX:ReservedCodeCacheSize=
# This output file may be truncated or incomplete.
#
#  Out of Memory Error (os_linux.cpp:2977), pid=875947, tid=875948
#
# JRE version:  (15.0.2+7) (build )
# Java VM: Java HotSpot(TM) 64-Bit Server VM (15.0.2+7-27, mixed mode, sharing, tiered, g1 gc, linux-amd64)
# Core dump will be written. Default location: Core dumps may be processed with "/usr/share/apport/apport -p%p -s%s -c%c -d%d -P%P -u%u -g%g -- %E" (or dumping to /home/vedran/git/APE_UseCases/core.875947)
#

---------------  S U M M A R Y ------------

Command Line: -Xms120906m -Xmx120906m APE-2.0.2-executable.jar GeoGMT/E1/config.json 1

Host: Intel(R) Core(TM) i7-6500U CPU @ 2.50GHz, 4 cores, 15G, Ubuntu 20.04.4 LTS
Time: Tue Jun 14 21:41:53 2022 CEST elapsed time: 0.042369 seconds (0d 0h 0m 0s)

---------------  T H R E A D  ---------------

Current thread (0x00007f6678029b50):  JavaThread "Unknown thread" [_thread_in_vm, id=875948, stack(0x00007f667c418000,0x00007f667c519000)]

Stack: [0x00007f667c418000,0x00007f667c519000],  sp=0x00007f667c517480,  free space=1021k
Native frames: (J=compiled Java code, A=aot compiled Java code, j=interpreted, Vv=VM code, C=native code)
V  [libjvm.so+0xd63607]  VMError::report_and_die(int, char const*, char const*, __va_list_tag*, Thread*, unsigned char*, void*, void*, char const*, int, unsigned long)+0x387
V  [libjvm.so+0xd641dd]  VMError::report_and_die(Thread*, char const*, int, unsigned long, VMErrorType, char const*, __va_list_tag*)+0x2d
V  [libjvm.so+0x562906]  report_vm_out_of_memory(char const*, int, unsigned long, VMErrorType, char const*, ...)+0xc6
V  [libjvm.so+0xb46998]  os::pd_commit_memory_or_exit(char*, unsigned long, unsigned long, bool, char const*)+0xd8
V  [libjvm.so+0xb3f7ad]  os::commit_memory_or_exit(char*, unsigned long, unsigned long, bool, char const*)+0x1d
V  [libjvm.so+0x6871ae]  G1PageBasedVirtualSpace::commit(unsigned long, unsigned long)+0x16e
V  [libjvm.so+0x696168]  G1RegionsLargerThanCommitSizeMapper::commit_regions(unsigned int, unsigned long, WorkGang*)+0x58
V  [libjvm.so+0x72667e]  HeapRegionManager::commit_regions(unsigned int, unsigned long, WorkGang*)+0x4e
V  [libjvm.so+0x727c81]  HeapRegionManager::make_regions_available(unsigned int, unsigned int, WorkGang*)+0x31
V  [libjvm.so+0x728176]  HeapRegionManager::expand_at(unsigned int, unsigned int, WorkGang*)+0xc6
V  [libjvm.so+0x63d8f0]  G1CollectedHeap::expand(unsigned long, WorkGang*, double*)+0xe0
V  [libjvm.so+0x63e075]  G1CollectedHeap::initialize()+0x6f5
V  [libjvm.so+0xd24a1d]  universe_init()+0xbd
V  [libjvm.so+0x749da3]  init_globals()+0x53
V  [libjvm.so+0xcfb6ee]  Threads::create_vm(JavaVMInitArgs*, bool*)+0x3fe
V  [libjvm.so+0x80c741]  JNI_CreateJavaVM+0x51
C  [libjli.so+0x399e]  JavaMain+0x8e
C  [libjli.so+0x7fc9]  ThreadJavaMain+0x9


---------------  P R O C E S S  ---------------

Threads class SMR info:
_java_thread_list=0x00007f667d7fd580, length=0, elements={
}

Java Threads: ( => current thread )

Other Threads:
  0x00007f667809efe0 GCTaskThread "GC Thread#0" [stack: 0x00007f666055d000,0x00007f666065d000] [id=875949]
  0x00007f66780be190 ConcurrentGCThread "G1 Main Marker" [stack: 0x00007f666045b000,0x00007f666055b000] [id=875950]
  0x00007f66780bf420 ConcurrentGCThread "G1 Conc#0" [stack: 0x00007f6660359000,0x00007f6660459000] [id=875951]

[error occurred during error reporting (printing all threads), id 0xb, SIGSEGV (0xb) at pc=0x00007f667ccbe310]

VM state: not at safepoint (not fully initialized)

VM Mutex/Monitor currently owned by a thread:  ([mutex/lock_event])
[0x00007f6678025110] Heap_lock - owner thread: 0x00007f6678029b50

Heap:
 garbage-first heap   total 123830272K, used 0K [0x00007f48da000000, 0x00007f6660000000)
  region size 32768K, 0 young (0K), 0 survivors (0K)
 Metaspace       used 0K, capacity 0K, committed 0K, reserved 0K
  class space    used 0K, capacity 0K, committed 0K, reserved 0K

Heap Regions: E=young(eden), S=young(survivor), O=old, HS=humongous(starts), HC=humongous(continues), CS=collection set, F=free, OA=open archive, CA=closed archive, TAMS=top-at-mark-start (previous, next)

Card table byte_map: [0x00007f48bc7a0000,0x00007f48cb3d0000] _byte_map_base: 0x00007f09180d0000

Marking Bits (Prev, Next): (CMBitMap*) 0x00007f667809fd80, (CMBitMap*) 0x00007f667809fdc0
 Prev Bits: [0x00007f48379f0000, 0x00007f48adb70000)
 Next Bits: [0x00007f47c1870000, 0x00007f48379f0000)

GC Heap History (0 events):
No events

Deoptimization events (0 events):
No events

Classes unloaded (0 events):
No events

Classes redefined (0 events):
No events

Internal exceptions (0 events):
No events

Events (2 events):
Event: 0.006 Protecting memory [0x00007f667c418000,0x00007f667c41c000] with protection modes 0
Event: 0.007 Loaded shared library /usr/lib/jvm/jdk-15.0.2/lib/libjava.so


Dynamic libraries:
55d84ce79000-55d84ce7a000 r-xp 00000000 08:02 1197349                    /usr/lib/jvm/jdk-15.0.2/bin/java
55d84ce7b000-55d84ce7c000 r--p 00001000 08:02 1197349                    /usr/lib/jvm/jdk-15.0.2/bin/java
55d84ce7c000-55d84ce7d000 rw-p 00002000 08:02 1197349                    /usr/lib/jvm/jdk-15.0.2/bin/java
55d84e908000-55d84e929000 rw-p 00000000 00:00 0                          [heap]
7f47b2000000-7f47b4000000 rw-p 00000000 00:00 0 
7f47b4000000-7f47b4021000 rw-p 00000000 00:00 0 
7f47b4021000-7f47b8000000 ---p 00000000 00:00 0 
7f47b8000000-7f47b8021000 rw-p 00000000 00:00 0 
7f47b8021000-7f47bc000000 ---p 00000000 00:00 0 
7f47bc000000-7f47bc021000 rw-p 00000000 00:00 0 
7f47bc021000-7f47c0000000 ---p 00000000 00:00 0 
7f47c176f000-7f47c1870000 rw-p 00000000 00:00 0 
7f47c1870000-7f48da000000 ---p 00000000 00:00 0 
7f665fced000-7f6660357000 rw-p 00000000 00:00 0 
7f6660357000-7f6660358000 ---p 00000000 00:00 0 
7f6660358000-7f6660459000 rw-p 00000000 00:00 0 
7f6660459000-7f666045a000 ---p 00000000 00:00 0 
7f666045a000-7f666055b000 rw-p 00000000 00:00 0 
7f666055b000-7f666055c000 ---p 00000000 00:00 0 
7f666055c000-7f6660d11000 rw-p 00000000 00:00 0 
7f6660d11000-7f6660f81000 rwxp 00000000 00:00 0 
7f6660f81000-7f66612a2000 ---p 00000000 00:00 0 
7f66612a2000-7f6661512000 rwxp 00000000 00:00 0 
7f6661512000-7f66687d9000 ---p 00000000 00:00 0 
7f66687d9000-7f6668a49000 rwxp 00000000 00:00 0 
7f6668a49000-7f666fd11000 ---p 00000000 00:00 0 
7f666fd11000-7f6678000000 r--s 00000000 08:02 1197681                    /usr/lib/jvm/jdk-15.0.2/lib/modules
7f6678000000-7f66780dd000 rw-p 00000000 00:00 0 
7f66780dd000-7f667c000000 ---p 00000000 00:00 0 
7f667c021000-7f667c1a5000 rw-p 00000000 00:00 0 
7f667c1a5000-7f667c28b000 ---p 00000000 00:00 0 
7f667c28b000-7f667c290000 rw-p 00000000 00:00 0 
7f667c290000-7f667c376000 ---p 00000000 00:00 0 
7f667c376000-7f667c39a000 r-xp 00000000 08:02 1197658                    /usr/lib/jvm/jdk-15.0.2/lib/libjava.so
7f667c39a000-7f667c39b000 ---p 00024000 08:02 1197658                    /usr/lib/jvm/jdk-15.0.2/lib/libjava.so
7f667c39b000-7f667c39c000 r--p 00024000 08:02 1197658                    /usr/lib/jvm/jdk-15.0.2/lib/libjava.so
7f667c39c000-7f667c39d000 rw-p 00025000 08:02 1197658                    /usr/lib/jvm/jdk-15.0.2/lib/libjava.so
7f667c39d000-7f667c39e000 rw-p 00000000 00:00 0 
7f667c39e000-7f667c3a1000 r--p 00000000 08:02 27317263                   /lib/x86_64-linux-gnu/libnss_files-2.31.so
7f667c3a1000-7f667c3a8000 r-xp 00003000 08:02 27317263                   /lib/x86_64-linux-gnu/libnss_files-2.31.so
7f667c3a8000-7f667c3aa000 r--p 0000a000 08:02 27317263                   /lib/x86_64-linux-gnu/libnss_files-2.31.so
7f667c3aa000-7f667c3ab000 r--p 0000b000 08:02 27317263                   /lib/x86_64-linux-gnu/libnss_files-2.31.so
7f667c3ab000-7f667c3ac000 rw-p 0000c000 08:02 27317263                   /lib/x86_64-linux-gnu/libnss_files-2.31.so
7f667c3ac000-7f667c3b2000 rw-p 00000000 00:00 0 
7f667c3b2000-7f667c3b6000 r--p 00000000 08:02 27316960                   /lib/x86_64-linux-gnu/libnsl-2.31.so
7f667c3b6000-7f667c3c6000 r-xp 00004000 08:02 27316960                   /lib/x86_64-linux-gnu/libnsl-2.31.so
7f667c3c6000-7f667c3cb000 r--p 00014000 08:02 27316960                   /lib/x86_64-linux-gnu/libnsl-2.31.so
7f667c3cb000-7f667c3cc000 r--p 00018000 08:02 27316960                   /lib/x86_64-linux-gnu/libnsl-2.31.so
7f667c3cc000-7f667c3cd000 rw-p 00019000 08:02 27316960                   /lib/x86_64-linux-gnu/libnsl-2.31.so
7f667c3cd000-7f667c3cf000 rw-p 00000000 00:00 0 
7f667c3cf000-7f667c3d1000 r--p 00000000 08:02 27317270                   /lib/x86_64-linux-gnu/libnss_nis-2.31.so
7f667c3d1000-7f667c3d9000 r-xp 00002000 08:02 27317270                   /lib/x86_64-linux-gnu/libnss_nis-2.31.so
7f667c3d9000-7f667c3db000 r--p 0000a000 08:02 27317270                   /lib/x86_64-linux-gnu/libnss_nis-2.31.so
7f667c3db000-7f667c3dc000 r--p 0000b000 08:02 27317270                   /lib/x86_64-linux-gnu/libnss_nis-2.31.so
7f667c3dc000-7f667c3dd000 rw-p 0000c000 08:02 27317270                   /lib/x86_64-linux-gnu/libnss_nis-2.31.so
7f667c3dd000-7f667c3df000 r--p 00000000 08:02 27316963                   /lib/x86_64-linux-gnu/libnss_compat-2.31.so
7f667c3df000-7f667c3e6000 r-xp 00002000 08:02 27316963                   /lib/x86_64-linux-gnu/libnss_compat-2.31.so
7f667c3e6000-7f667c3e7000 r--p 00009000 08:02 27316963                   /lib/x86_64-linux-gnu/libnss_compat-2.31.so
7f667c3e7000-7f667c3e8000 r--p 00009000 08:02 27316963                   /lib/x86_64-linux-gnu/libnss_compat-2.31.so
7f667c3e8000-7f667c3e9000 rw-p 0000a000 08:02 27316963                   /lib/x86_64-linux-gnu/libnss_compat-2.31.so
7f667c3fa000-7f667c3ff000 rw-p 00000000 00:00 0 
7f667c3ff000-7f667c406000 ---p 00000000 00:00 0 
7f667c406000-7f667c40e000 rw-s 00000000 08:02 11693497                   /tmp/hsperfdata_vedran/875947
7f667c40e000-7f667c410000 r--p 00000000 08:02 27317289                   /lib/x86_64-linux-gnu/librt-2.31.so
7f667c410000-7f667c414000 r-xp 00002000 08:02 27317289                   /lib/x86_64-linux-gnu/librt-2.31.so
7f667c414000-7f667c416000 r--p 00006000 08:02 27317289                   /lib/x86_64-linux-gnu/librt-2.31.so
7f667c416000-7f667c417000 r--p 00007000 08:02 27317289                   /lib/x86_64-linux-gnu/librt-2.31.so
7f667c417000-7f667c418000 rw-p 00008000 08:02 27317289                   /lib/x86_64-linux-gnu/librt-2.31.so
7f667c418000-7f667c41c000 ---p 00000000 00:00 0 
7f667c41c000-7f667c519000 rw-p 00000000 00:00 0 
7f667c519000-7f667c526000 r--p 00000000 08:02 27316951                   /lib/x86_64-linux-gnu/libm-2.31.so
7f667c526000-7f667c5cd000 r-xp 0000d000 08:02 27316951                   /lib/x86_64-linux-gnu/libm-2.31.so
7f667c5cd000-7f667c666000 r--p 000b4000 08:02 27316951                   /lib/x86_64-linux-gnu/libm-2.31.so
7f667c666000-7f667c667000 r--p 0014c000 08:02 27316951                   /lib/x86_64-linux-gnu/libm-2.31.so
7f667c667000-7f667c668000 rw-p 0014d000 08:02 27316951                   /lib/x86_64-linux-gnu/libm-2.31.so
7f667c668000-7f667d6af000 r-xp 00000000 08:02 1197691                    /usr/lib/jvm/jdk-15.0.2/lib/server/libjvm.so
7f667d6af000-7f667d6b0000 ---p 01047000 08:02 1197691                    /usr/lib/jvm/jdk-15.0.2/lib/server/libjvm.so
7f667d6b0000-7f667d74a000 r--p 01047000 08:02 1197691                    /usr/lib/jvm/jdk-15.0.2/lib/server/libjvm.so
7f667d74a000-7f667d781000 rw-p 010e1000 08:02 1197691                    /usr/lib/jvm/jdk-15.0.2/lib/server/libjvm.so
7f667d781000-7f667d80c000 rw-p 00000000 00:00 0 
7f667d80c000-7f667d82e000 r--p 00000000 08:02 27316943                   /lib/x86_64-linux-gnu/libc-2.31.so
7f667d82e000-7f667d9a6000 r-xp 00022000 08:02 27316943                   /lib/x86_64-linux-gnu/libc-2.31.so
7f667d9a6000-7f667d9f4000 r--p 0019a000 08:02 27316943                   /lib/x86_64-linux-gnu/libc-2.31.so
7f667d9f4000-7f667d9f8000 r--p 001e7000 08:02 27316943                   /lib/x86_64-linux-gnu/libc-2.31.so
7f667d9f8000-7f667d9fa000 rw-p 001eb000 08:02 27316943                   /lib/x86_64-linux-gnu/libc-2.31.so
7f667d9fa000-7f667d9fe000 rw-p 00000000 00:00 0 
7f667d9fe000-7f667d9ff000 r--p 00000000 08:02 27316947                   /lib/x86_64-linux-gnu/libdl-2.31.so
7f667d9ff000-7f667da01000 r-xp 00001000 08:02 27316947                   /lib/x86_64-linux-gnu/libdl-2.31.so
7f667da01000-7f667da02000 r--p 00003000 08:02 27316947                   /lib/x86_64-linux-gnu/libdl-2.31.so
7f667da02000-7f667da03000 r--p 00003000 08:02 27316947                   /lib/x86_64-linux-gnu/libdl-2.31.so
7f667da03000-7f667da04000 rw-p 00004000 08:02 27316947                   /lib/x86_64-linux-gnu/libdl-2.31.so
7f667da04000-7f667da0a000 r--p 00000000 08:02 27317286                   /lib/x86_64-linux-gnu/libpthread-2.31.so
7f667da0a000-7f667da1b000 r-xp 00006000 08:02 27317286                   /lib/x86_64-linux-gnu/libpthread-2.31.so
7f667da1b000-7f667da21000 r--p 00017000 08:02 27317286                   /lib/x86_64-linux-gnu/libpthread-2.31.so
7f667da21000-7f667da22000 r--p 0001c000 08:02 27317286                   /lib/x86_64-linux-gnu/libpthread-2.31.so
7f667da22000-7f667da23000 rw-p 0001d000 08:02 27317286                   /lib/x86_64-linux-gnu/libpthread-2.31.so
7f667da23000-7f667da27000 rw-p 00000000 00:00 0 
7f667da27000-7f667da36000 r-xp 00000000 08:02 1197663                    /usr/lib/jvm/jdk-15.0.2/lib/libjli.so
7f667da36000-7f667da37000 r--p 0000e000 08:02 1197663                    /usr/lib/jvm/jdk-15.0.2/lib/libjli.so
7f667da37000-7f667da38000 rw-p 0000f000 08:02 1197663                    /usr/lib/jvm/jdk-15.0.2/lib/libjli.so
7f667da38000-7f667da3a000 r--p 00000000 08:02 27316542                   /lib/x86_64-linux-gnu/libz.so.1.2.11
7f667da3a000-7f667da4b000 r-xp 00002000 08:02 27316542                   /lib/x86_64-linux-gnu/libz.so.1.2.11
7f667da4b000-7f667da51000 r--p 00013000 08:02 27316542                   /lib/x86_64-linux-gnu/libz.so.1.2.11
7f667da51000-7f667da52000 ---p 00019000 08:02 27316542                   /lib/x86_64-linux-gnu/libz.so.1.2.11
7f667da52000-7f667da53000 r--p 00019000 08:02 27316542                   /lib/x86_64-linux-gnu/libz.so.1.2.11
7f667da53000-7f667da54000 rw-p 0001a000 08:02 27316542                   /lib/x86_64-linux-gnu/libz.so.1.2.11
7f667da54000-7f667da56000 rw-p 00000000 00:00 0 
7f667da5a000-7f667da5b000 ---p 00000000 00:00 0 
7f667da5b000-7f667da5c000 r--p 00000000 00:00 0 
7f667da5c000-7f667da78000 r-xp 00000000 08:02 1197662                    /usr/lib/jvm/jdk-15.0.2/lib/libjimage.so
7f667da78000-7f667da7a000 r--p 0001b000 08:02 1197662                    /usr/lib/jvm/jdk-15.0.2/lib/libjimage.so
7f667da7a000-7f667da7b000 rw-p 0001d000 08:02 1197662                    /usr/lib/jvm/jdk-15.0.2/lib/libjimage.so
7f667da7b000-7f667da7c000 r--p 00000000 08:02 27316699                   /lib/x86_64-linux-gnu/ld-2.31.so
7f667da7c000-7f667da9f000 r-xp 00001000 08:02 27316699                   /lib/x86_64-linux-gnu/ld-2.31.so
7f667da9f000-7f667daa7000 r--p 00024000 08:02 27316699                   /lib/x86_64-linux-gnu/ld-2.31.so
7f667daa7000-7f667daa8000 ---p 00000000 00:00 0 
7f667daa8000-7f667daa9000 r--p 0002c000 08:02 27316699                   /lib/x86_64-linux-gnu/ld-2.31.so
7f667daa9000-7f667daaa000 rw-p 0002d000 08:02 27316699                   /lib/x86_64-linux-gnu/ld-2.31.so
7f667daaa000-7f667daab000 rw-p 00000000 00:00 0 
7fffaf1fa000-7fffaf21b000 rw-p 00000000 00:00 0                          [stack]
7fffaf3f2000-7fffaf3f5000 r--p 00000000 00:00 0                          [vvar]
7fffaf3f5000-7fffaf3f6000 r-xp 00000000 00:00 0                          [vdso]
ffffffffff600000-ffffffffff601000 --xp 00000000 00:00 0                  [vsyscall]


VM Arguments:
jvm_args: -Xms120906m -Xmx120906m 
java_command: APE-2.0.2-executable.jar GeoGMT/E1/config.json 1
java_class_path (initial): APE-2.0.2-executable.jar
Launcher Type: SUN_STANDARD

[Global flags]
     intx CICompilerCount                          = 3                                         {product} {ergonomic}
     uint ConcGCThreads                            = 1                                         {product} {ergonomic}
     uint G1ConcRefinementThreads                  = 4                                         {product} {ergonomic}
   size_t G1HeapRegionSize                         = 33554432                                  {product} {ergonomic}
    uintx GCDrainStackTargetSize                   = 64                                        {product} {ergonomic}
   size_t InitialHeapSize                          = 126802198528                              {product} {command line, ergonomic}
   size_t MarkStackSize                            = 4194304                                   {product} {ergonomic}
   size_t MaxHeapSize                              = 126802198528                              {product} {command line, ergonomic}
   size_t MinHeapDeltaBytes                        = 33554432                                  {product} {ergonomic}
   size_t MinHeapSize                              = 126802198528                              {product} {command line, ergonomic}
    uintx NonNMethodCodeHeapSize                   = 5832780                                {pd product} {ergonomic}
    uintx NonProfiledCodeHeapSize                  = 122912730                              {pd product} {ergonomic}
    uintx ProfiledCodeHeapSize                     = 122912730                              {pd product} {ergonomic}
    uintx ReservedCodeCacheSize                    = 251658240                              {pd product} {ergonomic}
     bool SegmentedCodeCache                       = true                                      {product} {ergonomic}
   size_t SoftMaxHeapSize                          = 126802198528                           {manageable} {ergonomic}
     bool UseCompressedClassPointers               = true                                 {lp64_product} {ergonomic}
     bool UseG1GC                                  = true                                      {product} {ergonomic}

Logging:
Log output configuration:
 #0: stdout all=warning uptime,level,tags
 #1: stderr all=off uptime,level,tags

Environment Variables:
JAVA_HOME=/usr/lib/jvm/jdk-15.0.2
PATH=/home/vedran/.cabal/bin:/home/vedran/.ghcup/bin:/home/vedran/bin:/home/vedran/.local/bin:/usr/local/sbin:/usr/local/bin:/usr/sbin:/usr/bin:/sbin:/bin:/usr/games:/usr/local/games:/snap/bin:/home/vedran/bin:/usr/lib/jvm/jdk-15.0.2/bin
USERNAME=vedran
SHELL=/bin/bash
DISPLAY=:0
LANG=en_US.UTF-8

Signal Handlers:
SIGSEGV: [libjvm.so+0xd64200], sa_mask[0]=11111111011111111101111111111110, sa_flags=SA_RESTART|SA_SIGINFO
SIGBUS: [libjvm.so+0xd64200], sa_mask[0]=11111111011111111101111111111110, sa_flags=SA_RESTART|SA_SIGINFO
SIGFPE: [libjvm.so+0xd64200], sa_mask[0]=11111111011111111101111111111110, sa_flags=SA_RESTART|SA_SIGINFO
SIGPIPE: [libjvm.so+0xb419c0], sa_mask[0]=11111111011111111101111111111110, sa_flags=SA_RESTART|SA_SIGINFO
SIGXFSZ: [libjvm.so+0xb419c0], sa_mask[0]=11111111011111111101111111111110, sa_flags=SA_RESTART|SA_SIGINFO
SIGILL: [libjvm.so+0xd64200], sa_mask[0]=11111111011111111101111111111110, sa_flags=SA_RESTART|SA_SIGINFO
SIGUSR2: [libjvm.so+0xb41860], sa_mask[0]=00000000000000000000000000000000, sa_flags=SA_RESTART|SA_SIGINFO
SIGHUP: SIG_DFL, sa_mask[0]=00000000000000000000000000000000, sa_flags=none
SIGINT: SIG_DFL, sa_mask[0]=00000000000000000000000000000000, sa_flags=none
SIGTERM: SIG_DFL, sa_mask[0]=00000000000000000000000000000000, sa_flags=none
SIGQUIT: SIG_DFL, sa_mask[0]=00000000000000000000000000000000, sa_flags=none


---------------  S Y S T E M  ---------------

OS:
DISTRIB_ID=Ubuntu
DISTRIB_RELEASE=20.04
DISTRIB_CODENAME=focal
DISTRIB_DESCRIPTION="Ubuntu 20.04.4 LTS"
uname: Linux 5.4.0-113-generic #127-Ubuntu SMP Wed May 18 14:30:56 UTC 2022 x86_64
OS uptime: 18 days 8:24 hours
libc: glibc 2.31 NPTL 2.31 
rlimit (soft/hard): STACK 8192k/infinity , CORE 0k/infinity , NPROC 63332/63332 , NOFILE 1048576/1048576 , AS infinity/infinity , CPU infinity/infinity , DATA infinity/infinity , FSIZE infinity/infinity , MEMLOCK 65536k/65536k
load average: 3.47 3.84 4.57

/proc/meminfo:
MemTotal:       16271572 kB
MemFree:         4240504 kB
MemAvailable:    6740688 kB
Buffers:          449244 kB
Cached:          3733732 kB
SwapCached:        73320 kB
Active:          8565804 kB
Inactive:        2645628 kB
Active(anon):    6802028 kB
Inactive(anon):  1817168 kB
Active(file):    1763776 kB
Inactive(file):   828460 kB
Unevictable:       55528 kB
Mlocked:             240 kB
SwapTotal:      16654332 kB
SwapFree:       10846652 kB
Dirty:              1244 kB
Writeback:             0 kB
AnonPages:       7075260 kB
Mapped:          1293048 kB
Shmem:           1597768 kB
KReclaimable:     245104 kB
Slab:             507352 kB
SReclaimable:     245104 kB
SUnreclaim:       262248 kB
KernelStack:       30164 kB
PageTables:       101184 kB
NFS_Unstable:          0 kB
Bounce:                0 kB
WritebackTmp:          0 kB
CommitLimit:    24790116 kB
Committed_AS:   66792320 kB
VmallocTotal:   34359738367 kB
VmallocUsed:       73456 kB
VmallocChunk:          0 kB
Percpu:             5856 kB
HardwareCorrupted:     0 kB
AnonHugePages:         0 kB
ShmemHugePages:        0 kB
ShmemPmdMapped:        0 kB
FileHugePages:         0 kB
FilePmdMapped:         0 kB
CmaTotal:              0 kB
CmaFree:               0 kB
HugePages_Total:       0
HugePages_Free:        0
HugePages_Rsvd:        0
HugePages_Surp:        0
Hugepagesize:       2048 kB
Hugetlb:               0 kB
DirectMap4k:     2640880 kB
DirectMap2M:    14014464 kB
DirectMap1G:           0 kB

/sys/kernel/mm/transparent_hugepage/enabled: always [madvise] never
/sys/kernel/mm/transparent_hugepage/defrag (defrag/compaction efforts parameter): always defer defer+madvise [madvise] never

/proc/sys/kernel/threads-max (system-wide limit on the number of threads): 126665
/proc/sys/vm/max_map_count (maximum number of memory map areas a process may have): 65530
/proc/sys/kernel/pid_max (system-wide limit on number of process identifiers): 4194304

container (cgroup) information:
container_type: cgroupv1
cpu_cpuset_cpus: 0-3
cpu_memory_nodes: 0
active_processor_count: 4
cpu_quota: no quota
cpu_period: 100000
cpu_shares: no shares
memory_limit_in_bytes: unlimited
memory_and_swap_limit_in_bytes: not supported
memory_soft_limit_in_bytes: unlimited
memory_usage_in_bytes: 10762432512
memory_max_usage_in_bytes: 16123588608

Steal ticks since vm start: 0
Steal ticks percentage since vm start:  0.000

CPU: total 4 (initial active 4) (2 cores per cpu, 2 threads per core) family 6 model 78 stepping 3 microcode 0xea, cmov, cx8, fxsr, mmx, sse, sse2, sse3, ssse3, sse4.1, sse4.2, popcnt, vzeroupper, avx, avx2, aes, clmul, erms, 3dnowpref, lzcnt, ht, tsc, tscinvbit, bmi1, bmi2, adx, fma, clflush, clflushopt
CPU Model and flags from /proc/cpuinfo:
model name	: Intel(R) Core(TM) i7-6500U CPU @ 2.50GHz
flags		: fpu vme de pse tsc msr pae mce cx8 apic sep mtrr pge mca cmov pat pse36 clflush dts acpi mmx fxsr sse sse2 ss ht tm pbe syscall nx pdpe1gb rdtscp lm constant_tsc art arch_perfmon pebs bts rep_good nopl xtopology nonstop_tsc cpuid aperfmperf pni pclmulqdq dtes64 monitor ds_cpl vmx est tm2 ssse3 sdbg fma cx16 xtpr pdcm pcid sse4_1 sse4_2 x2apic movbe popcnt tsc_deadline_timer aes xsave avx f16c rdrand lahf_lm abm 3dnowprefetch cpuid_fault epb invpcid_single pti ssbd ibrs ibpb stibp tpr_shadow vnmi flexpriority ept vpid ept_ad fsgsbase tsc_adjust bmi1 avx2 smep bmi2 erms invpcid mpx rdseed adx smap clflushopt intel_pt xsaveopt xsavec xgetbv1 xsaves dtherm ida arat pln pts hwp hwp_notify hwp_act_window hwp_epp md_clear flush_l1d

Online cpus: 0-3
Offline cpus: 
BIOS frequency limitation: <Not Available>
Frequency switch latency (ns): 0
Available cpu frequencies: <Not Available>
Current governor: powersave
Core performance/turbo boost: <Not Available>

Memory: 4k page, physical 16271572k(4240504k free), swap 16654332k(10846652k free)

vm_info: Java HotSpot(TM) 64-Bit Server VM (15.0.2+7-27) for linux-amd64 JRE (15.0.2+7-27), built on Dec  7 2020 19:59:11 by "mach5one" with gcc 9.2.0

END.
